e:\学习资料\大三上\visualcpp\实验代码\大作业代码\考核资料3-dll测试\demo\debug\demo.pch
e:\学习资料\大三上\visualcpp\实验代码\大作业代码\考核资料3-dll测试\demo\debug\vc140.pdb
e:\学习资料\大三上\visualcpp\实验代码\大作业代码\考核资料3-dll测试\demo\debug\vc140.idb
e:\学习资料\大三上\visualcpp\实验代码\大作业代码\考核资料3-dll测试\demo\debug\stdafx.obj
e:\学习资料\大三上\visualcpp\实验代码\大作业代码\考核资料3-dll测试\demo\debug\demo.obj
e:\学习资料\大三上\visualcpp\实验代码\大作业代码\考核资料3-dll测试\demo\debug\demodoc.obj
e:\学习资料\大三上\visualcpp\实验代码\大作业代码\考核资料3-dll测试\demo\debug\demoview.obj
e:\学习资料\大三上\visualcpp\实验代码\大作业代码\考核资料3-dll测试\demo\debug\mainfrm.obj
e:\学习资料\大三上\visualcpp\实验代码\大作业代码\考核资料3-dll测试\demo\debug\mscomm.obj
e:\学习资料\大三上\visualcpp\实验代码\大作业代码\考核资料3-dll测试\debug\demo.ilk
e:\学习资料\大三上\visualcpp\实验代码\大作业代码\考核资料3-dll测试\debug\demo.exe
e:\学习资料\大三上\visualcpp\实验代码\大作业代码\考核资料3-dll测试\debug\demo.pdb
e:\学习资料\大三上\visualcpp\实验代码\大作业代码\考核资料3-dll测试\demo\debug\demo.res
e:\学习资料\大三上\visualcpp\实验代码\大作业代码\考核资料3-dll测试\demo\debug\demo.tlog\cl.command.1.tlog
e:\学习资料\大三上\visualcpp\实验代码\大作业代码\考核资料3-dll测试\demo\debug\demo.tlog\cl.read.1.tlog
e:\学习资料\大三上\visualcpp\实验代码\大作业代码\考核资料3-dll测试\demo\debug\demo.tlog\cl.write.1.tlog
e:\学习资料\大三上\visualcpp\实验代码\大作业代码\考核资料3-dll测试\demo\debug\demo.tlog\link.command.1.tlog
e:\学习资料\大三上\visualcpp\实验代码\大作业代码\考核资料3-dll测试\demo\debug\demo.tlog\link.read.1.tlog
e:\学习资料\大三上\visualcpp\实验代码\大作业代码\考核资料3-dll测试\demo\debug\demo.tlog\link.write.1.tlog
e:\学习资料\大三上\visualcpp\实验代码\大作业代码\考核资料3-dll测试\demo\debug\demo.tlog\rc.command.1.tlog
e:\学习资料\大三上\visualcpp\实验代码\大作业代码\考核资料3-dll测试\demo\debug\demo.tlog\rc.read.1.tlog
e:\学习资料\大三上\visualcpp\实验代码\大作业代码\考核资料3-dll测试\demo\debug\demo.tlog\rc.write.1.tlog
